example/build/app/intermediates/manifest_merge_blame_file/debug/manifest-merger-blame-debug-report.txt
1<?xml version="1.0" encoding="utf-8"?>
2<manifest xmlns:android="http://schemas.android.com/apk/res/android"
3    package="com.example.smart_thermal_printer_flutter_example"
4    android:versionCode="1"
5    android:versionName="1.0" >
6
7    <uses-sdk
8        android:minSdkVersion="21"
9        android:targetSdkVersion="35" />
10    <!--
11         The INTERNET permission is required for development. Specifically,
12         the Flutter tool needs it to communicate with the running application
13         to allow setting breakpoints, to provide hot reload, etc.
14    -->
15    <uses-permission android:name="android.permission.INTERNET" />
15-->src/debug/AndroidManifest.xml:6:5-66
15-->src/debug/AndroidManifest.xml:6:22-64
16    <!--
17     Tell Google Play Store that your app uses Bluetooth LE
18     Set android:required="true" if bluetooth is necessary
19    -->
20    <uses-feature
20-->src/main/AndroidManifest.xml:4:5-91
21        android:name="android.hardware.bluetooth_le"
21-->src/main/AndroidManifest.xml:4:19-63
22        android:required="false" />
22-->src/main/AndroidManifest.xml:4:64-88
23    <!--
24 New Bluetooth permissions in Android 12
25    https://developer.android.com/about/versions/12/features/bluetooth-permissions
26    -->
27    <uses-permission
27-->src/main/AndroidManifest.xml:8:5-9:58
28        android:name="android.permission.BLUETOOTH_SCAN"
28-->src/main/AndroidManifest.xml:8:22-70
29        android:usesPermissionFlags="neverForLocation" />
29-->src/main/AndroidManifest.xml:9:9-55
30    <uses-permission android:name="android.permission.BLUETOOTH_CONNECT" /> <!-- legacy for Android 11 or lower -->
30-->src/main/AndroidManifest.xml:10:5-76
30-->src/main/AndroidManifest.xml:10:22-73
31    <uses-permission
31-->src/main/AndroidManifest.xml:13:5-95
32        android:name="android.permission.BLUETOOTH"
32-->src/main/AndroidManifest.xml:13:22-65
33        android:maxSdkVersion="30" />
33-->src/main/AndroidManifest.xml:13:66-92
34    <uses-permission
34-->src/main/AndroidManifest.xml:14:5-101
35        android:name="android.permission.BLUETOOTH_ADMIN"
35-->src/main/AndroidManifest.xml:14:22-71
36        android:maxSdkVersion="30" />
36-->src/main/AndroidManifest.xml:14:72-98
37    <uses-permission
37-->src/main/AndroidManifest.xml:15:5-16:38
38        android:name="android.permission.ACCESS_FINE_LOCATION"
38-->src/main/AndroidManifest.xml:15:22-76
39        android:maxSdkVersion="30" /> <!-- legacy for Android 9 or lower -->
39-->src/main/AndroidManifest.xml:16:9-35
40    <uses-permission
40-->src/main/AndroidManifest.xml:19:5-20:38
41        android:name="android.permission.ACCESS_COARSE_LOCATION"
41-->src/main/AndroidManifest.xml:19:22-78
42        android:maxSdkVersion="28" />
42-->src/main/AndroidManifest.xml:20:9-35
43
44    <uses-feature
44-->[:smart_thermal_printer_flutter] AndroidManifest.xml:7:5-9:36
45        android:name="android.hardware.usb.host"
45-->[:smart_thermal_printer_flutter] AndroidManifest.xml:8:9-49
46        android:required="false" />
46-->[:smart_thermal_printer_flutter] AndroidManifest.xml:9:9-33
47
48    <uses-permission android:name="android.permission.USB_PERMISSION" />
48-->[:smart_thermal_printer_flutter] AndroidManifest.xml:11:5-73
48-->[:smart_thermal_printer_flutter] AndroidManifest.xml:11:22-70
49
50    <permission
50-->[androidx.core:core:1.13.1] AndroidManifest.xml:22:5-24:47
51        android:name="com.example.smart_thermal_printer_flutter_example.DYNAMIC_RECEIVER_NOT_EXPORTED_PERMISSION"
51-->[androidx.core:core:1.13.1] AndroidManifest.xml:23:9-81
52        android:protectionLevel="signature" />
52-->[androidx.core:core:1.13.1] AndroidManifest.xml:24:9-44
53
54    <uses-permission android:name="com.example.smart_thermal_printer_flutter_example.DYNAMIC_RECEIVER_NOT_EXPORTED_PERMISSION" />
54-->[androidx.core:core:1.13.1] AndroidManifest.xml:26:5-97
54-->[androidx.core:core:1.13.1] AndroidManifest.xml:26:22-94
55
56    <application
57        android:name="android.app.Application"
58        android:appComponentFactory="androidx.core.app.CoreComponentFactory"
58-->[androidx.core:core:1.13.1] AndroidManifest.xml:28:18-86
59        android:debuggable="true"
60        android:extractNativeLibs="true"
61        android:icon="@mipmap/ic_launcher"
62        android:label="smart_thermal_printer_flutter_example" >
63        <activity
64            android:name="com.example.smart_thermal_printer_flutter_example.MainActivity"
65            android:configChanges="orientation|keyboardHidden|keyboard|screenSize|smallestScreenSize|locale|layoutDirection|fontScale|screenLayout|density|uiMode"
66            android:exported="true"
67            android:hardwareAccelerated="true"
68            android:launchMode="singleTop"
69            android:theme="@style/LaunchTheme"
70            android:windowSoftInputMode="adjustResize" >
71
72            <!--
73                 Specifies an Android theme to apply to this Activity as soon as
74                 the Android process has started. This theme is visible to the user
75                 while the Flutter UI initializes. After that, this theme continues
76                 to determine the Window background behind the Flutter UI.
77            -->
78            <intent-filter>
79                <action android:name="android.hardware.usb.action.USB_DEVICE_ATTACHED" />
80            </intent-filter>
81
82            <meta-data
83                android:name="android.hardware.usb.action.USB_DEVICE_ATTACHED"
84                android:resource="@xml/device_filter" />
85            <meta-data
86                android:name="io.flutter.embedding.android.NormalTheme"
87                android:resource="@style/NormalTheme" />
88
89            <intent-filter>
90                <action android:name="android.intent.action.MAIN" />
91
92                <category android:name="android.intent.category.LAUNCHER" />
93            </intent-filter>
94        </activity>
95        <!--
96             Don't delete the meta-data below.
97             This is used by the Flutter tool to generate GeneratedPluginRegistrant.java
98        -->
99        <meta-data
100            android:name="flutterEmbedding"
101            android:value="2" />
102
103        <uses-library
103-->[androidx.window:window:1.2.0] AndroidManifest.xml:23:9-25:40
104            android:name="androidx.window.extensions"
104-->[androidx.window:window:1.2.0] AndroidManifest.xml:24:13-54
105            android:required="false" />
105-->[androidx.window:window:1.2.0] AndroidManifest.xml:25:13-37
106        <uses-library
106-->[androidx.window:window:1.2.0] AndroidManifest.xml:26:9-28:40
107            android:name="androidx.window.sidecar"
107-->[androidx.window:window:1.2.0] AndroidManifest.xml:27:13-51
108            android:required="false" />
108-->[androidx.window:window:1.2.0] AndroidManifest.xml:28:13-37
109
110        <provider
110-->[androidx.lifecycle:lifecycle-process:2.7.0] AndroidManifest.xml:24:9-32:20
111            android:name="androidx.startup.InitializationProvider"
111-->[androidx.lifecycle:lifecycle-process:2.7.0] AndroidManifest.xml:25:13-67
112            android:authorities="com.example.smart_thermal_printer_flutter_example.androidx-startup"
112-->[androidx.lifecycle:lifecycle-process:2.7.0] AndroidManifest.xml:26:13-68
113            android:exported="false" >
113-->[androidx.lifecycle:lifecycle-process:2.7.0] AndroidManifest.xml:27:13-37
114            <meta-data
114-->[androidx.lifecycle:lifecycle-process:2.7.0] AndroidManifest.xml:29:13-31:52
115                android:name="androidx.lifecycle.ProcessLifecycleInitializer"
115-->[androidx.lifecycle:lifecycle-process:2.7.0] AndroidManifest.xml:30:17-78
116                android:value="androidx.startup" />
116-->[androidx.lifecycle:lifecycle-process:2.7.0] AndroidManifest.xml:31:17-49
117            <meta-data
117-->[androidx.profileinstaller:profileinstaller:1.3.1] AndroidManifest.xml:29:13-31:52
118                android:name="androidx.profileinstaller.ProfileInstallerInitializer"
118-->[androidx.profileinstaller:profileinstaller:1.3.1] AndroidManifest.xml:30:17-85
119                android:value="androidx.startup" />
119-->[androidx.profileinstaller:profileinstaller:1.3.1] AndroidManifest.xml:31:17-49
120        </provider>
121
122        <receiver
122-->[androidx.profileinstaller:profileinstaller:1.3.1] AndroidManifest.xml:34:9-52:20
123            android:name="androidx.profileinstaller.ProfileInstallReceiver"
123-->[androidx.profileinstaller:profileinstaller:1.3.1] AndroidManifest.xml:35:13-76
124            android:directBootAware="false"
124-->[androidx.profileinstaller:profileinstaller:1.3.1] AndroidManifest.xml:36:13-44
125            android:enabled="true"
125-->[androidx.profileinstaller:profileinstaller:1.3.1] AndroidManifest.xml:37:13-35
126            android:exported="true"
126-->[androidx.profileinstaller:profileinstaller:1.3.1] AndroidManifest.xml:38:13-36
127            android:permission="android.permission.DUMP" >
127-->[androidx.profileinstaller:profileinstaller:1.3.1] AndroidManifest.xml:39:13-57
128            <intent-filter>
128-->[androidx.profileinstaller:profileinstaller:1.3.1] AndroidManifest.xml:40:13-42:29
129                <action android:name="androidx.profileinstaller.action.INSTALL_PROFILE" />
129-->[androidx.profileinstaller:profileinstaller:1.3.1] AndroidManifest.xml:41:17-91
129-->[androidx.profileinstaller:profileinstaller:1.3.1] AndroidManifest.xml:41:25-88
130            </intent-filter>
131            <intent-filter>
131-->[androidx.profileinstaller:profileinstaller:1.3.1] AndroidManifest.xml:43:13-45:29
132                <action android:name="androidx.profileinstaller.action.SKIP_FILE" />
132-->[androidx.profileinstaller:profileinstaller:1.3.1] AndroidManifest.xml:44:17-85
132-->[androidx.profileinstaller:profileinstaller:1.3.1] AndroidManifest.xml:44:25-82
133            </intent-filter>
134            <intent-filter>
134-->[androidx.profileinstaller:profileinstaller:1.3.1] AndroidManifest.xml:46:13-48:29
135                <action android:name="androidx.profileinstaller.action.SAVE_PROFILE" />
135-->[androidx.profileinstaller:profileinstaller:1.3.1] AndroidManifest.xml:47:17-88
135-->[androidx.profileinstaller:profileinstaller:1.3.1] AndroidManifest.xml:47:25-85
136            </intent-filter>
137            <intent-filter>
137-->[androidx.profileinstaller:profileinstaller:1.3.1] AndroidManifest.xml:49:13-51:29
138                <action android:name="androidx.profileinstaller.action.BENCHMARK_OPERATION" />
138-->[androidx.profileinstaller:profileinstaller:1.3.1] AndroidManifest.xml:50:17-95
138-->[androidx.profileinstaller:profileinstaller:1.3.1] AndroidManifest.xml:50:25-92
139            </intent-filter>
140        </receiver>
141    </application>
142
143</manifest>